\BOOKMARK [0][-]{dummy.1}{\376\377\000T\000a\000b\000l\000e\000\040\000d\000e\000s\000\040\000m\000a\000t\000i\000\350\000r\000e\000s}{}% 1
\BOOKMARK [0][-]{dummy.3}{\376\377\000T\000a\000b\000l\000e\000\040\000d\000e\000s\000\040\000f\000i\000g\000u\000r\000e\000s}{}% 2
\BOOKMARK [0][-]{dummy.5}{\376\377\000L\000i\000s\000t\000e\000\040\000d\000e\000s\000\040\000t\000a\000b\000l\000e\000a\000u\000x}{}% 3
\BOOKMARK [0][-]{chapter*.7}{\376\377\000I\000n\000t\000r\000o\000d\000u\000c\000t\000i\000o\000n}{}% 4
\BOOKMARK [0][-]{chapter.8}{\376\377\0001\000\040\000C\000a\000p\000t\000u\000r\000e\000\040\000e\000t\000\040\000a\000n\000a\000l\000y\000s\000e\000\040\000d\000e\000s\000\040\000b\000e\000s\000o\000i\000n\000s}{}% 5
\BOOKMARK [1][-]{section.9}{\376\377\0001\000.\0001\000\040\000P\000l\000a\000n\000n\000i\000n\000g\000\040\000p\000r\000\351\000v\000i\000s\000i\000o\000n\000n\000e\000l\000\040\000d\000u\000\040\000p\000r\000o\000j\000e\000t}{chapter.8}% 6
\BOOKMARK [2][-]{subsection.10}{\376\377\0001\000.\0001\000.\0001\000\040\000S\000u\000b\000s\000e\000c\000t\000i\000o\000n\000\040\0001}{section.9}% 7
\BOOKMARK [2][-]{subsection.11}{\376\377\0001\000.\0001\000.\0002\000\040\000S\000u\000b\000s\000e\000c\000t\000i\000o\000n\000\040\0002}{section.9}% 8
\BOOKMARK [2][-]{subsection.12}{\376\377\0001\000.\0001\000.\0003\000\040\000F\000i\000g\000u\000r\000e\000s}{section.9}% 9
\BOOKMARK [1][-]{section.14}{\376\377\0001\000.\0002\000\040\000M\000o\000d\000\350\000l\000e\000\040\000d\000u\000\040\000d\000o\000m\000a\000i\000n\000e}{chapter.8}% 10
\BOOKMARK [1][-]{section.15}{\376\377\0001\000.\0003\000\040\000D\000i\000a\000g\000r\000a\000m\000m\000e\000\040\000d\000e\000\040\000c\000a\000s\000\040\000d\000'\000u\000t\000i\000l\000i\000s\000a\000t\000i\000o\000n}{chapter.8}% 11
\BOOKMARK [1][-]{section.16}{\376\377\0001\000.\0004\000\040\000D\000e\000s\000c\000r\000i\000p\000t\000i\000o\000n\000\040\000t\000e\000x\000t\000u\000e\000l\000l\000e\000\040\000a\000b\000r\000\351\000g\000\351\000e\000\040\000d\000e\000s\000\040\000c\000a\000s\000\040\000d\000'\000u\000t\000i\000l\000i\000s\000a\000t\000i\000o\000n}{chapter.8}% 12
\BOOKMARK [0][-]{chapter.17}{\376\377\0002\000\040\000C\000o\000n\000c\000e\000p\000t\000i\000o\000n}{}% 13
\BOOKMARK [1][-]{section.18}{\376\377\0002\000.\0001\000\040\000D\000e\000s\000c\000r\000i\000p\000t\000i\000o\000n\000\040\000t\000e\000x\000t\000u\000e\000l\000l\000e\000\040\000s\000t\000r\000u\000c\000t\000u\000r\000\351\000e\000\040\000d\000e\000s\000\040\000c\000a\000s\000\040\000d\000'\000u\000t\000i\000l\000i\000s\000a\000t\000i\000o\000n}{chapter.17}% 14
\BOOKMARK [2][-]{subsection.19}{\376\377\0002\000.\0001\000.\0001\000\040\000C\000h\000a\000r\000g\000e\000r\000\040\000l\000e\000\040\000p\000l\000a\000n\000\040\000d\000'\000u\000n\000e\000\040\000z\000o\000n\000e}{section.18}% 15
\BOOKMARK [2][-]{subsection.20}{\376\377\0002\000.\0001\000.\0002\000\040\000C\000h\000a\000r\000g\000e\000r\000\040\000e\000t\000\040\000c\000a\000l\000c\000u\000l\000e\000r\000\040\000u\000n\000e\000\040\000d\000e\000m\000a\000n\000d\000e\000\040\000d\000e\000\040\000l\000i\000v\000r\000a\000i\000s\000o\000n\000s}{section.18}% 16
\BOOKMARK [2][-]{subsection.21}{\376\377\0002\000.\0001\000.\0003\000\040\000C\000h\000a\000r\000g\000e\000r\000\040\000u\000n\000e\000\040\000d\000e\000m\000a\000n\000d\000e\000\040\000d\000e\000\040\000l\000i\000v\000r\000a\000i\000s\000o\000n\000s}{section.18}% 17
\BOOKMARK [2][-]{subsection.22}{\376\377\0002\000.\0001\000.\0004\000\040\000M\000o\000d\000i\000f\000i\000e\000r\000\040\000i\000n\000t\000e\000r\000a\000c\000t\000i\000v\000e\000m\000e\000n\000t\000\040\000u\000n\000e\000\040\000t\000o\000u\000r\000n\000\351\000e}{section.18}% 18
\BOOKMARK [2][-]{subsection.23}{\376\377\0002\000.\0001\000.\0005\000\040\000A\000n\000n\000u\000l\000e\000r\000/\000R\000e\000f\000a\000i\000r\000e\000\040\000d\000e\000s\000\040\000m\000o\000d\000i\000f\000i\000c\000a\000t\000i\000o\000n\000s}{section.18}% 19
\BOOKMARK [2][-]{subsection.24}{\376\377\0002\000.\0001\000.\0006\000\040\000G\000\351\000n\000\351\000r\000e\000r\000\040\000u\000n\000e\000\040\000f\000e\000u\000i\000l\000l\000e\000\040\000d\000e\000\040\000r\000o\000u\000t\000e}{section.18}% 20
\BOOKMARK [2][-]{subsection.25}{\376\377\0002\000.\0001\000.\0007\000\040\000F\000i\000g\000u\000r\000e\000s}{section.18}% 21
\BOOKMARK [1][-]{section.27}{\376\377\0002\000.\0002\000\040\000D\000i\000a\000g\000r\000a\000m\000m\000e\000s\000\040\000d\000e\000\040\000p\000a\000c\000k\000a\000g\000e\000s\000\040\000e\000t\000\040\000d\000e\000\040\000c\000l\000a\000s\000s\000e\000s}{chapter.17}% 22
\BOOKMARK [2][-]{subsection.28}{\376\377\0002\000.\0002\000.\0001\000\040\000A\000r\000c\000h\000i\000t\000e\000c\000t\000u\000r\000e\000\040\000g\000\351\000n\000\351\000r\000a\000l\000e}{section.27}% 23
\BOOKMARK [2][-]{subsection.29}{\376\377\0002\000.\0002\000.\0002\000\040\000P\000a\000c\000k\000a\000g\000e\000\040\000M\000o\000d\000e\000l}{section.27}% 24
\BOOKMARK [2][-]{subsection.30}{\376\377\0002\000.\0002\000.\0003\000\040\000P\000a\000c\000k\000a\000g\000e\000\040\000V\000i\000e\000w}{section.27}% 25
\BOOKMARK [2][-]{subsection.31}{\376\377\0002\000.\0002\000.\0004\000\040\000P\000a\000c\000k\000a\000g\000e\000\040\000C\000o\000n\000t\000r\000o\000l\000l\000e\000r}{section.27}% 26
\BOOKMARK [1][-]{section.32}{\376\377\0002\000.\0003\000\040\000D\000i\000a\000g\000r\000a\000m\000m\000e\000s\000\040\000d\000e\000\040\000s\000\351\000q\000u\000e\000n\000c\000e}{chapter.17}% 27
\BOOKMARK [2][-]{subsection.33}{\376\377\0002\000.\0003\000.\0001\000\040\000C\000h\000a\000r\000g\000e\000m\000e\000n\000t\000\040\000d\000u\000\040\000p\000l\000a\000n\000\040\000d\000'\000u\000n\000e\000\040\000z\000o\000n\000e}{section.32}% 28
\BOOKMARK [2][-]{subsection.34}{\376\377\0002\000.\0003\000.\0002\000\040\000C\000h\000a\000r\000g\000e\000m\000e\000n\000t\000\040\000d\000'\000u\000n\000e\000\040\000d\000e\000m\000a\000n\000d\000e\000\040\000d\000e\000\040\000l\000i\000v\000r\000a\000i\000s\000o\000n}{section.32}% 29
\BOOKMARK [2][-]{subsection.35}{\376\377\0002\000.\0003\000.\0003\000\040\000C\000a\000l\000c\000u\000l\000\040\000d\000'\000u\000n\000e\000\040\000t\000o\000u\000r\000n\000\351\000e}{section.32}% 30
\BOOKMARK [2][-]{subsection.36}{\376\377\0002\000.\0003\000.\0004\000\040\000I\000n\000s\000e\000r\000t\000i\000o\000n\000\040\000d\000'\000u\000n\000\040\000p\000o\000i\000n\000t\000\040\000d\000e\000\040\000l\000i\000v\000r\000a\000i\000s\000o\000n\000\040\000d\000a\000n\000s\000\040\000u\000n\000e\000\040\000d\000e\000m\000a\000n\000d\000e\000\040\000d\000e\000\040\000l\000i\000v\000r\000a\000i\000s\000o\000n}{section.32}% 31
\BOOKMARK [2][-]{subsection.37}{\376\377\0002\000.\0003\000.\0005\000\040\000M\000i\000s\000e\000\040\000\340\000\040\000j\000o\000u\000r\000\040\000d\000e\000\040\000l\000'\000h\000e\000u\000r\000e\000\040\000d\000e\000\040\000l\000i\000v\000r\000a\000i\000s\000o\000n}{section.32}% 32
\BOOKMARK [0][-]{chapter.38}{\376\377\0003\000\040\000I\000m\000p\000l\000\351\000m\000e\000n\000t\000a\000t\000i\000o\000n}{}% 33
\BOOKMARK [1][-]{section.39}{\376\377\0003\000.\0001\000\040\000D\000i\000a\000g\000r\000a\000m\000m\000e\000s\000\040\000d\000e\000\040\000p\000a\000c\000k\000a\000g\000e\000s\000\040\000e\000t\000\040\000d\000e\000\040\000c\000l\000a\000s\000s\000e\000s\000\040\000r\000\351\000t\000r\000o\000-\000g\000\351\000n\000\351\000r\000\351\000s}{chapter.38}% 34
\BOOKMARK [2][-]{subsection.40}{\376\377\0003\000.\0001\000.\0001\000\040\000A\000r\000c\000h\000i\000t\000e\000c\000t\000u\000r\000e\000\040\000g\000\351\000n\000\351\000r\000a\000l\000e}{section.39}% 35
\BOOKMARK [2][-]{subsection.41}{\376\377\0003\000.\0001\000.\0002\000\040\000P\000a\000c\000k\000a\000g\000e\000\040\000M\000o\000d\000e\000l}{section.39}% 36
\BOOKMARK [2][-]{subsection.42}{\376\377\0003\000.\0001\000.\0003\000\040\000P\000a\000c\000k\000a\000g\000e\000\040\000V\000i\000e\000w}{section.39}% 37
\BOOKMARK [2][-]{subsection.43}{\376\377\0003\000.\0001\000.\0004\000\040\000P\000a\000c\000k\000a\000g\000e\000\040\000C\000o\000n\000t\000r\000o\000l\000l\000e\000r}{section.39}% 38
\BOOKMARK [2][-]{subsection.44}{\376\377\0003\000.\0001\000.\0005\000\040\000F\000i\000g\000u\000r\000e\000s}{section.39}% 39
\BOOKMARK [1][-]{section.46}{\376\377\0003\000.\0002\000\040\000M\000a\000i\000n\000\040\000S\000e\000c\000t\000i\000o\000n\000\040\0002}{chapter.38}% 40
\BOOKMARK [0][-]{chapter.47}{\376\377\0004\000\040\000B\000i\000l\000a\000n}{}% 41
\BOOKMARK [1][-]{section.48}{\376\377\0004\000.\0001\000\040\000P\000l\000a\000n\000n\000i\000n\000g\000\040\000E\000f\000f\000e\000c\000t\000i\000f}{chapter.47}% 42
\BOOKMARK [2][-]{subsection.49}{\376\377\0004\000.\0001\000.\0001\000\040\000P\000l\000a\000n\000n\000i\000n\000g\000\040\000h\000o\000r\000a\000i\000r\000e}{section.48}% 43
\BOOKMARK [2][-]{subsection.50}{\376\377\0004\000.\0001\000.\0002\000\040\000R\000\351\000p\000a\000r\000t\000i\000t\000i\000o\000n\000\040\000d\000e\000s\000\040\000t\000\342\000c\000h\000e\000s}{section.48}% 44
\BOOKMARK [2][-]{subsection.51}{\376\377\0004\000.\0001\000.\0003\000\040\000P\000l\000a\000n\000n\000i\000n\000g\000\040\000E\000f\000f\000e\000c\000t\000i\000f}{section.48}% 45
\BOOKMARK [2][-]{subsection.52}{\376\377\0004\000.\0001\000.\0004\000\040\000F\000i\000g\000u\000r\000e\000s}{section.48}% 46
\BOOKMARK [1][-]{section.54}{\376\377\0004\000.\0002\000\040\000B\000i\000l\000a\000n\000\040\000h\000u\000m\000a\000i\000n}{chapter.47}% 47
\BOOKMARK [1][-]{section.55}{\376\377\0004\000.\0003\000\040\000B\000i\000l\000a\000n\000\040\000t\000e\000c\000h\000n\000i\000q\000u\000e}{chapter.47}% 48
\BOOKMARK [0][-]{chapter*.56}{\376\377\000G\000l\000o\000s\000s\000a\000i\000r\000e}{}% 49
\BOOKMARK [0][-]{appendix.57}{\376\377\000A\000\040\000A\000p\000p\000e\000n\000d\000i\000x\000\040\000T\000i\000t\000l\000e\000\040\000H\000e\000r\000e}{}% 50
